This is pdfTeX, Version 3.14159265-2.6-1.40.16 (TeX Live 2015/Debian) (preloaded format=pdflatex 2016.8.5)  6 MAR 2017 23:20
entering extended mode
 restricted \write18 enabled.
 %&-line parsing enabled.
**naaclhlt2016.tex
(./naaclhlt2016.tex
LaTeX2e <2016/02/01>
Babel <3.9q> and hyphenation patterns for 6 language(s) loaded.
(/usr/share/texlive/texmf-dist/tex/latex/base/article.cls
Document Class: article 2014/09/29 v1.4h Standard LaTeX document class
(/usr/share/texlive/texmf-dist/tex/latex/base/size11.clo
File: size11.clo 2014/09/29 v1.4h Standard LaTeX file (size option)
)
\c@part=\count79
\c@section=\count80
\c@subsection=\count81
\c@subsubsection=\count82
\c@paragraph=\count83
\c@subparagraph=\count84
\c@figure=\count85
\c@table=\count86
\abovecaptionskip=\skip41
\belowcaptionskip=\skip42
\bibindent=\dimen102
) (./naaclhlt2016.sty
Conference Style for NAACL-HLT 2016 -- released October 13, 2015
\titlebox=\skip43
\naaclrulerbox=\box26
\naaclrulercount=\count87
\naaclruleroffset=\dimen103
\cv@lineheight=\dimen104
\cv@boxheight=\dimen105
\cv@tmpbox=\box27
\cv@refno=\count88
\cv@tot=\count89
\cv@tmpc@=\count90
\cv@tmpc=\count91
) (/usr/share/texlive/texmf-dist/tex/latex/psnfss/times.sty
Package: times 2005/04/12 PSNFSS-v9.2a (SPQR) 
)
(/usr/share/texlive/texmf-dist/tex/latex/base/latexsym.sty
Package: latexsym 1998/08/17 v2.2e Standard LaTeX package (lasy symbols)
\symlasy=\mathgroup4
LaTeX Font Info:    Overwriting symbol font `lasy' in version `bold'
(Font)                  U/lasy/m/n --> U/lasy/b/n on input line 52.
) (./naaclhlt2016.aux)
\openout1 = `naaclhlt2016.aux'.

LaTeX Font Info:    Checking defaults for OML/cmm/m/it on input line 58.
LaTeX Font Info:    ... okay on input line 58.
LaTeX Font Info:    Checking defaults for T1/cmr/m/n on input line 58.
LaTeX Font Info:    ... okay on input line 58.
LaTeX Font Info:    Checking defaults for OT1/cmr/m/n on input line 58.
LaTeX Font Info:    ... okay on input line 58.
LaTeX Font Info:    Checking defaults for OMS/cmsy/m/n on input line 58.
LaTeX Font Info:    ... okay on input line 58.
LaTeX Font Info:    Checking defaults for OMX/cmex/m/n on input line 58.
LaTeX Font Info:    ... okay on input line 58.
LaTeX Font Info:    Checking defaults for U/cmr/m/n on input line 58.
LaTeX Font Info:    ... okay on input line 58.
LaTeX Font Info:    Try loading font information for OT1+ptm on input line 58.
 (/usr/share/texlive/texmf-dist/tex/latex/psnfss/ot1ptm.fd
File: ot1ptm.fd 2001/06/04 font definitions for OT1/ptm.
)
ABD: EveryShipout initializing macros
LaTeX Font Info:    Font shape `OT1/ptm/bx/n' in size <14.4> not available
(Font)              Font shape `OT1/ptm/b/n' tried instead on input line 60.
LaTeX Font Info:    External font `cmex10' loaded for size
(Font)              <14.4> on input line 60.
LaTeX Font Info:    External font `cmex10' loaded for size
(Font)              <7> on input line 60.
LaTeX Font Info:    Try loading font information for U+lasy on input line 60.

(/usr/share/texlive/texmf-dist/tex/latex/base/ulasy.fd
File: ulasy.fd 1998/08/17 v2.2e LaTeX symbol font definitions
)
LaTeX Font Info:    External font `cmex10' loaded for size
(Font)              <12> on input line 60.
LaTeX Font Info:    External font `cmex10' loaded for size
(Font)              <8> on input line 60.
LaTeX Font Info:    External font `cmex10' loaded for size
(Font)              <6> on input line 60.
LaTeX Font Info:    Font shape `OT1/ptm/bx/n' in size <12> not available
(Font)              Font shape `OT1/ptm/b/n' tried instead on input line 60.
LaTeX Font Info:    Try loading font information for OT1+pcr on input line 60.

(/usr/share/texlive/texmf-dist/tex/latex/psnfss/ot1pcr.fd
File: ot1pcr.fd 2001/06/04 font definitions for OT1/pcr.
)
LaTeX Font Info:    External font `cmex10' loaded for size
(Font)              <9> on input line 60.
LaTeX Font Info:    External font `cmex10' loaded for size
(Font)              <5> on input line 60.

Underfull \hbox (badness 7203) in paragraph at lines 63--69
[]\OT1/ptm/m/n/10 This doc-u-ment con-tains in-struc-tions for
 []


Underfull \hbox (badness 1389) in paragraph at lines 63--69
\OT1/ptm/m/n/10 prepar-ing NAACL HLT 2016 sub-mis-sions
 []

LaTeX Font Info:    Font shape `OT1/ptm/bx/n' in size <10.95> not available
(Font)              Font shape `OT1/ptm/b/n' tried instead on input line 92.

Underfull \hbox (badness 2903) in paragraph at lines 92--94
\OT1/ptm/m/n/10.95 for ini-tial sub-mis-sion. Au-thors should place
 []

[1{/var/lib/texmf/fonts/map/pdftex/updmap/pdftex.map}



]
Underfull \hbox (badness 1436) in paragraph at lines 114--116
[]\OT1/ptm/m/n/10.95 By un-com-ment-ing []\OT1/pcr/m/n/10 \naaclfinalcopy \OT1/
ptm/m/n/10.95 at the
 []

LaTeX Font Info:    External font `cmex10' loaded for size
(Font)              <10.95> on input line 118.

Underfull \hbox (badness 10000) in paragraph at lines 140--149
\OT1/ptm/m/n/10.95 NAACL HLT pro-vides this de-scrip-tion in
 []


Underfull \hbox (badness 10000) in paragraph at lines 140--149
\OT1/ptm/m/n/10.95 L[]T[]X2e (\OT1/pcr/m/n/10 naaclhlt2016.tex\OT1/ptm/m/n/10.9
5 ) and PDF
 []


Underfull \hbox (badness 10000) in paragraph at lines 140--149
\OT1/ptm/m/n/10.95 for-mat (\OT1/pcr/m/n/10 naaclhlt2016.pdf\OT1/ptm/m/n/10.95 
), along with
 []


Underfull \hbox (badness 10000) in paragraph at lines 140--149
\OT1/ptm/m/n/10.95 the L[]T[]X2e style file used to for-mat it
 []


Underfull \vbox (badness 2653) has occurred while \output is active []

 [2]
LaTeX Font Info:    Try loading font information for OMS+ptm on input line 198.


(/usr/share/texlive/texmf-dist/tex/latex/psnfss/omsptm.fd
File: omsptm.fd 
)
LaTeX Font Info:    Font shape `OMS/ptm/m/n' in size <10.95> not available
(Font)              Font shape `OMS/cmsy/m/n' tried instead on input line 198.
LaTeX Font Info:    Font shape `OT1/ptm/bx/n' in size <10> not available
(Font)              Font shape `OT1/ptm/b/n' tried instead on input line 247.
LaTeX Font Info:    Font shape `OT1/ptm/bx/n' in size <9> not available
(Font)              Font shape `OT1/ptm/b/n' tried instead on input line 268.


LaTeX Warning: Citation `Gusfield:97' on page 3 undefined on input line 292.


LaTeX Warning: Citation `Gusfield:97' on page 3 undefined on input line 293.


LaTeX Warning: Citation `Gusfield:97' on page 3 undefined on input line 294.


LaTeX Warning: Citation `Aho:72' on page 3 undefined on input line 294.


LaTeX Warning: Citation `Aho:72' on page 3 undefined on input line 296.


LaTeX Warning: Citation `Chandra:81' on page 3 undefined on input line 297.

[3]

LaTeX Warning: Citation `APA:83' on page 4 undefined on input line 319.

[4]
Underfull \hbox (badness 1259) in paragraph at lines 417--430
[]\OT1/ptm/m/n/10.95 Preprint servers such as arXiv.org and ACL-
 []


Underfull \hbox (badness 2318) in paragraph at lines 431--436
[]\OT1/ptm/m/n/10.95 Authors sub-mit-ting more than one pa-per to
 []

No file naaclhlt2016.bbl.
[5] (./naaclhlt2016.aux) )
(\end occurred when \iffalse on line 298 was incomplete) 
Here is how much of TeX's memory you used:
 519 strings out of 494901
 6571 string characters out of 6179487
 60527 words of memory out of 5000000
 3836 multiletter control sequences out of 15000+600000
 38152 words of font info for 82 fonts, out of 8000000 for 9000
 36 hyphenation exceptions out of 8191
 25i,17n,19p,911b,327s stack positions out of 5000i,500n,10000p,200000b,80000s
{/usr/share/texlive/tex
mf-dist/fonts/enc/dvips/base/8r.enc}</usr/share/texlive/texmf-dist/fonts/type1/
public/amsfonts/cm/cmmi10.pfb></usr/share/texlive/texmf-dist/fonts/type1/public
/amsfonts/cm/cmr10.pfb></usr/share/texlive/texmf-dist/fonts/type1/public/amsfon
ts/cm/cmsy10.pfb></usr/share/texlive/texmf-dist/fonts/type1/public/amsfonts/cm/
cmsy6.pfb></usr/share/texlive/texmf-dist/fonts/type1/urw/courier/ucrr8a.pfb></u
sr/share/texlive/texmf-dist/fonts/type1/urw/times/utmb8a.pfb></usr/share/texliv
e/texmf-dist/fonts/type1/urw/times/utmr8a.pfb></usr/share/texlive/texmf-dist/fo
nts/type1/urw/times/utmri8a.pfb>
Output written on naaclhlt2016.pdf (5 pages, 114648 bytes).
PDF statistics:
 53 PDF objects out of 1000 (max. 8388607)
 37 compressed objects within 1 object stream
 0 named destinations out of 1000 (max. 500000)
 1 words of extra memory for PDF output out of 10000 (max. 10000000)

