######################## python train.py  10   1 ######################
#######################################################################


#1 Constructed "LabeledLineSentences"
#2 Constructed "Doc2Vec" Model
#3 Building Vocabulary Done
#4 Training Model on 1/1 epoch Done



#######################################################################


######################## python test.py  10   1 #######################
#######################################################################


Results over 2323224 samples :
Squared Error is 0.964244
Normalized Squared Error is 0.333479
Random Inferered Vector - Squared Error is 0.988696
Random Inferered Vector - Normalized Squared Error is 0.979223



#######################################################################


######################## python train.py  15   1 ######################
#######################################################################


#1 Constructed "LabeledLineSentences"
#2 Constructed "Doc2Vec" Model
#3 Building Vocabulary Done
#4 Training Model on 1/1 epoch Done



#######################################################################


######################## python test.py  15   1 #######################
#######################################################################


Results over 2323224 samples :
Squared Error is 0.975822
Normalized Squared Error is 0.357710
Random Inferered Vector - Squared Error is 0.988044
Random Inferered Vector - Normalized Squared Error is 0.971964



#######################################################################


######################## python train.py  20   1 ######################
#######################################################################


#1 Constructed "LabeledLineSentences"
#2 Constructed "Doc2Vec" Model
#3 Building Vocabulary Done
#4 Training Model on 1/1 epoch Done



#######################################################################


######################## python test.py  20   1 #######################
#######################################################################


Results over 2323224 samples :
Squared Error is 0.979563
Normalized Squared Error is 0.374000
Random Inferered Vector - Squared Error is 0.988463
Random Inferered Vector - Normalized Squared Error is 0.969522



#######################################################################


######################## python train.py  25   1 ######################
#######################################################################


#1 Constructed "LabeledLineSentences"
#2 Constructed "Doc2Vec" Model
#3 Building Vocabulary Done
#4 Training Model on 1/1 epoch Done



#######################################################################


######################## python test.py  25   1 #######################
#######################################################################


Results over 2323224 samples :
Squared Error is 0.981071
Normalized Squared Error is 0.384596
Random Inferered Vector - Squared Error is 0.988657
Random Inferered Vector - Normalized Squared Error is 0.967533



#######################################################################


######################## python train.py  10   5 ######################
#######################################################################


#1 Constructed "LabeledLineSentences"
#2 Constructed "Doc2Vec" Model
#3 Building Vocabulary Done
#4 Training Model on 1/5 epoch Done
#4 Training Model on 2/5 epoch Done
#4 Training Model on 3/5 epoch Done
#4 Training Model on 4/5 epoch Done
#4 Training Model on 5/5 epoch Done



#######################################################################


######################## python test.py  10   5 #######################
#######################################################################


Results over 2323224 samples :
Squared Error is 0.664261
Normalized Squared Error is 0.211304
Random Inferered Vector - Squared Error is 0.985949
Random Inferered Vector - Normalized Squared Error is 0.987057



#######################################################################


######################## python train.py  15   5 ######################
#######################################################################


#1 Constructed "LabeledLineSentences"
#2 Constructed "Doc2Vec" Model
#3 Building Vocabulary Done
#4 Training Model on 1/5 epoch Done
#4 Training Model on 2/5 epoch Done
#4 Training Model on 3/5 epoch Done
#4 Training Model on 4/5 epoch Done
#4 Training Model on 5/5 epoch Done



#######################################################################


######################## python test.py  15   5 #######################
#######################################################################


Results over 2323224 samples :
Squared Error is 0.670944
Normalized Squared Error is 0.229367
Random Inferered Vector - Squared Error is 0.984733
Random Inferered Vector - Normalized Squared Error is 0.984409



#######################################################################


######################## python train.py  20   5 ######################
#######################################################################


#1 Constructed "LabeledLineSentences"
#2 Constructed "Doc2Vec" Model
#3 Building Vocabulary Done
#4 Training Model on 1/5 epoch Done
#4 Training Model on 2/5 epoch Done
#4 Training Model on 3/5 epoch Done
#4 Training Model on 4/5 epoch Done
#4 Training Model on 5/5 epoch Done



#######################################################################


######################## python test.py  20   5 #######################
#######################################################################


Results over 2323224 samples :
Squared Error is 0.706606
Normalized Squared Error is 0.239834
Random Inferered Vector - Squared Error is 0.984199
Random Inferered Vector - Normalized Squared Error is 0.981476



#######################################################################


######################## python train.py  25   5 ######################
#######################################################################


#1 Constructed "LabeledLineSentences"
#2 Constructed "Doc2Vec" Model
#3 Building Vocabulary Done
#4 Training Model on 1/5 epoch Done
#4 Training Model on 2/5 epoch Done
#4 Training Model on 3/5 epoch Done
#4 Training Model on 4/5 epoch Done
#4 Training Model on 5/5 epoch Done



#######################################################################


######################## python test.py  25   5 #######################
#######################################################################


Results over 2323224 samples :
Squared Error is 0.735057
Normalized Squared Error is 0.248102
Random Inferered Vector - Squared Error is 0.984231
Random Inferered Vector - Normalized Squared Error is 0.980311



#######################################################################


######################## python train.py  15  10 ######################
#######################################################################


#1 Constructed "LabeledLineSentences"
#2 Constructed "Doc2Vec" Model
#3 Building Vocabulary Done
#4 Training Model on 1/10 epoch Done
#4 Training Model on 2/10 epoch Done
#4 Training Model on 3/10 epoch Done
#4 Training Model on 4/10 epoch Done
#4 Training Model on 5/10 epoch Done
#4 Training Model on 6/10 epoch Done
#4 Training Model on 7/10 epoch Done
#4 Training Model on 8/10 epoch Done
#4 Training Model on 9/10 epoch Done
#4 Training Model on 10/10 epoch Done



#######################################################################


######################## python test.py  15  10 #######################
#######################################################################


Results over 2323224 samples :
Squared Error is 0.929475
Normalized Squared Error is 0.219843
Random Inferered Vector - Squared Error is 0.981473
Random Inferered Vector - Normalized Squared Error is 0.983215



#######################################################################


######################## python train.py  20  10 ######################
#######################################################################


#1 Constructed "LabeledLineSentences"
#2 Constructed "Doc2Vec" Model
#3 Building Vocabulary Done
#4 Training Model on 1/10 epoch Done
#4 Training Model on 2/10 epoch Done
#4 Training Model on 3/10 epoch Done
#4 Training Model on 4/10 epoch Done
#4 Training Model on 5/10 epoch Done
#4 Training Model on 6/10 epoch Done
#4 Training Model on 7/10 epoch Done
#4 Training Model on 8/10 epoch Done
#4 Training Model on 9/10 epoch Done
#4 Training Model on 10/10 epoch Done



#######################################################################


######################## python test.py  20  10 #######################
#######################################################################


Results over 2323224 samples :
Squared Error is 0.830120
Normalized Squared Error is 0.229442
Random Inferered Vector - Squared Error is 0.982215
Random Inferered Vector - Normalized Squared Error is 0.982948



#######################################################################


######################## python train.py  25  10 ######################
#######################################################################


#1 Constructed "LabeledLineSentences"
#2 Constructed "Doc2Vec" Model
#3 Building Vocabulary Done
#4 Training Model on 1/10 epoch Done
#4 Training Model on 2/10 epoch Done
#4 Training Model on 3/10 epoch Done
#4 Training Model on 4/10 epoch Done
#4 Training Model on 5/10 epoch Done
#4 Training Model on 6/10 epoch Done
#4 Training Model on 7/10 epoch Done
#4 Training Model on 8/10 epoch Done
#4 Training Model on 9/10 epoch Done
#4 Training Model on 10/10 epoch Done



#######################################################################


######################## python test.py  25  10 #######################
#######################################################################


Results over 2323224 samples :
Squared Error is 0.780586
Normalized Squared Error is 0.235785
Random Inferered Vector - Squared Error is 0.983034
Random Inferered Vector - Normalized Squared Error is 0.982908



#######################################################################


######################## python train.py  15  20 ######################
#######################################################################


#1 Constructed "LabeledLineSentences"
#2 Constructed "Doc2Vec" Model
#3 Building Vocabulary Done
#4 Training Model on 1/20 epoch Done
#4 Training Model on 2/20 epoch Done
#4 Training Model on 3/20 epoch Done
#4 Training Model on 4/20 epoch Done
#4 Training Model on 5/20 epoch Done
#4 Training Model on 6/20 epoch Done
#4 Training Model on 7/20 epoch Done
#4 Training Model on 8/20 epoch Done
#4 Training Model on 9/20 epoch Done
#4 Training Model on 10/20 epoch Done
#4 Training Model on 11/20 epoch Done
#4 Training Model on 12/20 epoch Done
#4 Training Model on 13/20 epoch Done
#4 Training Model on 14/20 epoch Done
#4 Training Model on 15/20 epoch Done
#4 Training Model on 16/20 epoch Done
#4 Training Model on 17/20 epoch Done
#4 Training Model on 18/20 epoch Done
#4 Training Model on 19/20 epoch Done
#4 Training Model on 20/20 epoch Done



#######################################################################


######################## python test.py  15  20 #######################
#######################################################################


Results over 2323224 samples :
Squared Error is 1.597383
Normalized Squared Error is 0.241957
Random Inferered Vector - Squared Error is 0.970806
Random Inferered Vector - Normalized Squared Error is 0.976260



#######################################################################


######################## python train.py  20  20 ######################
#######################################################################


#1 Constructed "LabeledLineSentences"
#2 Constructed "Doc2Vec" Model
#3 Building Vocabulary Done
#4 Training Model on 1/20 epoch Done
#4 Training Model on 2/20 epoch Done
#4 Training Model on 3/20 epoch Done
#4 Training Model on 4/20 epoch Done
#4 Training Model on 5/20 epoch Done
#4 Training Model on 6/20 epoch Done
#4 Training Model on 7/20 epoch Done
#4 Training Model on 8/20 epoch Done
#4 Training Model on 9/20 epoch Done
#4 Training Model on 10/20 epoch Done
#4 Training Model on 11/20 epoch Done
#4 Training Model on 12/20 epoch Done
#4 Training Model on 13/20 epoch Done
#4 Training Model on 14/20 epoch Done
#4 Training Model on 15/20 epoch Done
#4 Training Model on 16/20 epoch Done
#4 Training Model on 17/20 epoch Done
#4 Training Model on 18/20 epoch Done
#4 Training Model on 19/20 epoch Done
#4 Training Model on 20/20 epoch Done



#######################################################################


######################## python test.py  20  20 #######################
#######################################################################


Results over 2323224 samples :
Squared Error is 1.434612
Normalized Squared Error is 0.247643
Random Inferered Vector - Squared Error is 0.974031
Random Inferered Vector - Normalized Squared Error is 0.977527



#######################################################################


######################## python train.py  25  20 ######################
#######################################################################


#1 Constructed "LabeledLineSentences"
#2 Constructed "Doc2Vec" Model
#3 Building Vocabulary Done
#4 Training Model on 1/20 epoch Done
#4 Training Model on 2/20 epoch Done
#4 Training Model on 3/20 epoch Done
#4 Training Model on 4/20 epoch Done
#4 Training Model on 5/20 epoch Done
#4 Training Model on 6/20 epoch Done
#4 Training Model on 7/20 epoch Done
#4 Training Model on 8/20 epoch Done
#4 Training Model on 9/20 epoch Done
#4 Training Model on 10/20 epoch Done
#4 Training Model on 11/20 epoch Done
#4 Training Model on 12/20 epoch Done
#4 Training Model on 13/20 epoch Done
#4 Training Model on 14/20 epoch Done
#4 Training Model on 15/20 epoch Done
#4 Training Model on 16/20 epoch Done
#4 Training Model on 17/20 epoch Done
#4 Training Model on 18/20 epoch Done
#4 Training Model on 19/20 epoch Done
#4 Training Model on 20/20 epoch Done



#######################################################################


######################## python test.py  25  20 #######################
#######################################################################


Results over 2323224 samples :
Squared Error is 1.339638
Normalized Squared Error is 0.251571
Random Inferered Vector - Squared Error is 0.976290
Random Inferered Vector - Normalized Squared Error is 0.978707



#######################################################################


######################## python train.py  15  30 ######################
#######################################################################


#1 Constructed "LabeledLineSentences"
#2 Constructed "Doc2Vec" Model
#3 Building Vocabulary Done
#4 Training Model on 1/30 epoch Done
#4 Training Model on 2/30 epoch Done
#4 Training Model on 3/30 epoch Done
#4 Training Model on 4/30 epoch Done
#4 Training Model on 5/30 epoch Done
#4 Training Model on 6/30 epoch Done
#4 Training Model on 7/30 epoch Done
#4 Training Model on 8/30 epoch Done
#4 Training Model on 9/30 epoch Done
#4 Training Model on 10/30 epoch Done
#4 Training Model on 11/30 epoch Done
#4 Training Model on 12/30 epoch Done
#4 Training Model on 13/30 epoch Done
#4 Training Model on 14/30 epoch Done
#4 Training Model on 15/30 epoch Done
#4 Training Model on 16/30 epoch Done
#4 Training Model on 17/30 epoch Done
#4 Training Model on 18/30 epoch Done
#4 Training Model on 19/30 epoch Done
#4 Training Model on 20/30 epoch Done
#4 Training Model on 21/30 epoch Done
#4 Training Model on 22/30 epoch Done
#4 Training Model on 23/30 epoch Done
#4 Training Model on 24/30 epoch Done
#4 Training Model on 25/30 epoch Done
#4 Training Model on 26/30 epoch Done
#4 Training Model on 27/30 epoch Done
#4 Training Model on 28/30 epoch Done
#4 Training Model on 29/30 epoch Done
#4 Training Model on 30/30 epoch Done



#######################################################################


######################## python test.py  15  30 #######################
#######################################################################


Results over 2323224 samples :
Squared Error is 2.062896
Normalized Squared Error is 0.261384
Random Inferered Vector - Squared Error is 0.954316
Random Inferered Vector - Normalized Squared Error is 0.963979



#######################################################################


######################## python train.py  20  30 ######################
#######################################################################


#1 Constructed "LabeledLineSentences"
#2 Constructed "Doc2Vec" Model
#3 Building Vocabulary Done
#4 Training Model on 1/30 epoch Done
#4 Training Model on 2/30 epoch Done
#4 Training Model on 3/30 epoch Done
#4 Training Model on 4/30 epoch Done
#4 Training Model on 5/30 epoch Done
#4 Training Model on 6/30 epoch Done
#4 Training Model on 7/30 epoch Done
#4 Training Model on 8/30 epoch Done
#4 Training Model on 9/30 epoch Done
#4 Training Model on 10/30 epoch Done
#4 Training Model on 11/30 epoch Done
#4 Training Model on 12/30 epoch Done
#4 Training Model on 13/30 epoch Done
#4 Training Model on 14/30 epoch Done
#4 Training Model on 15/30 epoch Done
#4 Training Model on 16/30 epoch Done
#4 Training Model on 17/30 epoch Done
#4 Training Model on 18/30 epoch Done
#4 Training Model on 19/30 epoch Done
#4 Training Model on 20/30 epoch Done
#4 Training Model on 21/30 epoch Done
#4 Training Model on 22/30 epoch Done
#4 Training Model on 23/30 epoch Done
#4 Training Model on 24/30 epoch Done
#4 Training Model on 25/30 epoch Done
#4 Training Model on 26/30 epoch Done
#4 Training Model on 27/30 epoch Done
#4 Training Model on 28/30 epoch Done
#4 Training Model on 29/30 epoch Done
#4 Training Model on 30/30 epoch Done



#######################################################################


######################## python test.py  20  30 #######################
#######################################################################


Results over 2323224 samples :
Squared Error is 1.867534
Normalized Squared Error is 0.266293
Random Inferered Vector - Squared Error is 0.962157
Random Inferered Vector - Normalized Squared Error is 0.968644



#######################################################################


######################## python train.py  25  30 ######################
#######################################################################


#1 Constructed "LabeledLineSentences"
#2 Constructed "Doc2Vec" Model
#3 Building Vocabulary Done
#4 Training Model on 1/30 epoch Done
#4 Training Model on 2/30 epoch Done
#4 Training Model on 3/30 epoch Done
#4 Training Model on 4/30 epoch Done
#4 Training Model on 5/30 epoch Done
#4 Training Model on 6/30 epoch Done
#4 Training Model on 7/30 epoch Done
#4 Training Model on 8/30 epoch Done
#4 Training Model on 9/30 epoch Done
#4 Training Model on 10/30 epoch Done
#4 Training Model on 11/30 epoch Done
#4 Training Model on 12/30 epoch Done
#4 Training Model on 13/30 epoch Done
#4 Training Model on 14/30 epoch Done
#4 Training Model on 15/30 epoch Done
#4 Training Model on 16/30 epoch Done
#4 Training Model on 17/30 epoch Done
#4 Training Model on 18/30 epoch Done
#4 Training Model on 19/30 epoch Done
#4 Training Model on 20/30 epoch Done
#4 Training Model on 21/30 epoch Done
#4 Training Model on 22/30 epoch Done
#4 Training Model on 23/30 epoch Done
#4 Training Model on 24/30 epoch Done
#4 Training Model on 25/30 epoch Done
#4 Training Model on 26/30 epoch Done
#4 Training Model on 27/30 epoch Done
#4 Training Model on 28/30 epoch Done
#4 Training Model on 29/30 epoch Done
#4 Training Model on 30/30 epoch Done



#######################################################################


######################## python test.py  25  30 #######################
#######################################################################


Results over 2323224 samples :
Squared Error is 1.741741
Normalized Squared Error is 0.270338
Random Inferered Vector - Squared Error is 0.966974
Random Inferered Vector - Normalized Squared Error is 0.971974



#######################################################################

