\BOOKMARK [0][-]{dummy.1}{\376\377\000D\000e\000c\000l\000a\000r\000a\000t\000i\000o\000n}{}% 1
\BOOKMARK [0][-]{dummy.6}{\376\377\000C\000e\000r\000t\000i\000f\000i\000c\000a\000t\000e}{}% 2
\BOOKMARK [0][-]{dummy.7}{\376\377\000A\000b\000s\000t\000r\000a\000c\000t}{}% 3
\BOOKMARK [0][-]{dummy.8}{\376\377\000A\000c\000k\000n\000o\000w\000l\000e\000d\000g\000e\000m\000e\000n\000t\000s}{}% 4
\BOOKMARK [0][-]{dummy.9}{\376\377\000C\000o\000n\000t\000e\000n\000t\000s}{}% 5
\BOOKMARK [0][-]{dummy.11}{\376\377\000L\000i\000s\000t\000\040\000o\000f\000\040\000F\000i\000g\000u\000r\000e\000s}{}% 6
\BOOKMARK [0][-]{dummy.13}{\376\377\000L\000i\000s\000t\000\040\000o\000f\000\040\000T\000a\000b\000l\000e\000s}{}% 7
\BOOKMARK [0][-]{dummy.15}{\376\377\000A\000b\000b\000r\000e\000v\000i\000a\000t\000i\000o\000n\000s}{}% 8
\BOOKMARK [0][-]{chapter*.18}{\376\377\000I\000n\000t\000r\000o\000d\000u\000c\000t\000i\000o\000n}{}% 9
\BOOKMARK [1][-]{section.19}{\376\377\0001\000.\0001\000\040\000I\000n\000t\000r\000o\000d\000u\000c\000t\000i\000o\000n}{chapter*.18}% 10
\BOOKMARK [1][-]{section.22}{\376\377\0001\000.\0002\000\040\000S\000e\000m\000E\000v\000a\000l\000\040\000T\000a\000s\000k\000\040\040\023\000\040\0003}{chapter*.18}% 11
\BOOKMARK [2][-]{subsection.24}{\376\377\0001\000.\0002\000.\0001\000\040\000S\000u\000b\000t\000a\000s\000k\000\040\000A\000\040\040\023\000\040\000Q\000u\000e\000s\000t\000i\000o\000n\000-\000C\000o\000m\000m\000e\000n\000t\000\040\000S\000i\000m\000i\000l\000a\000r\000i\000t\000y}{section.22}% 12
\BOOKMARK [1][-]{section.25}{\376\377\0001\000.\0003\000\040\000T\000h\000e\000s\000i\000s\000\040\000O\000r\000g\000a\000n\000i\000z\000a\000t\000i\000o\000n}{chapter*.18}% 13
\BOOKMARK [0][-]{chapter*.26}{\376\377\000L\000i\000t\000e\000r\000a\000t\000u\000r\000e\000\040\000S\000u\000r\000v\000e\000y}{}% 14
\BOOKMARK [0][-]{chapter*.27}{\376\377\000A\000p\000p\000r\000o\000a\000c\000h}{}% 15
\BOOKMARK [1][-]{section.28}{\376\377\0003\000.\0001\000\040\000L\000e\000a\000r\000n\000i\000n\000g\000\040\000A\000l\000g\000o\000r\000i\000t\000h\000m}{chapter*.27}% 16
\BOOKMARK [1][-]{section.29}{\376\377\0003\000.\0002\000\040\000D\000o\000c\000u\000m\000e\000n\000t\000\040\000R\000e\000p\000r\000e\000s\000e\000n\000t\000a\000t\000i\000o\000n\000s}{chapter*.27}% 17
\BOOKMARK [1][-]{section.30}{\376\377\0003\000.\0003\000\040\000S\000y\000n\000t\000a\000c\000t\000i\000c\040\023\000F\000e\000a\000t\000u\000r\000e\000s}{chapter*.27}% 18
\BOOKMARK [0][-]{chapter*.31}{\376\377\000E\000x\000p\000e\000r\000i\000m\000e\000n\000t\000s}{}% 19
\BOOKMARK [1][-]{section.32}{\376\377\0004\000.\0001\000\040\000D\000a\000t\000a}{chapter*.31}% 20
\BOOKMARK [1][-]{section.35}{\376\377\0004\000.\0002\000\040\000E\000x\000p\000e\000r\000i\000m\000e\000n\000t\000a\000l\000\040\000S\000e\000t\000u\000p}{chapter*.31}% 21
\BOOKMARK [1][-]{section.39}{\376\377\0004\000.\0003\000\040\000R\000e\000s\000u\000l\000t\000s}{chapter*.31}% 22
\BOOKMARK [2][-]{subsection.40}{\376\377\0004\000.\0003\000.\0001\000\040\000D\000o\000c\000u\000m\000e\000n\000t\000\040\000V\000e\000c\000t\000o\000r\000\040\000R\000e\000p\000r\000e\000s\000e\000n\000t\000a\000t\000i\000o\000n\000s}{section.39}% 23
\BOOKMARK [2][-]{subsection.42}{\376\377\0004\000.\0003\000.\0002\000\040\000S\000e\000m\000E\000v\000a\000l\000\040\000T\000a\000s\000k\000\040\0003\000\040\040\023\000\040\000S\000u\000b\000t\000a\000s\000k\000\040\000A}{section.39}% 24
\BOOKMARK [3][-]{subsubsection.43}{\376\377\0004\000.\0003\000.\0002\000.\0001\000\040\000P\000r\000e\000l\000i\000m\000i\000n\000a\000r\000y\000\040\000e\000x\000p\000e\000r\000i\000m\000e\000n\000t\000s\000\040\000w\000i\000t\000h\000\040\000\050\000q\000,\000\040\000a\000\051\000\040\000i\000n\000p\000u\000t\000s}{subsection.42}% 25
\BOOKMARK [3][-]{subsubsection.45}{\376\377\0004\000.\0003\000.\0002\000.\0002\000\040\000I\000m\000p\000r\000o\000v\000e\000m\000e\000n\000t\000\040\000w\000i\000t\000h\000\040\000i\000n\000c\000l\000u\000s\000i\000o\000n\000\040\000o\000f\000\040\000A\000v\000e\000r\000a\000g\000e\000\040\000A\000n\000s\000w\000e\000r}{subsection.42}% 26
\BOOKMARK [3][-]{subsubsection.47}{\376\377\0004\000.\0003\000.\0002\000.\0003\000\040\000F\000u\000r\000t\000h\000e\000r\000\040\000i\000m\000p\000r\000o\000v\000e\000m\000e\000n\000t\000\040\000w\000i\000t\000h\000\040\000S\000y\000n\000t\000a\000c\000t\000i\000c\000\040\000F\000e\000a\000t\000u\000r\000e\000s}{subsection.42}% 27
\BOOKMARK [1][-]{section.49}{\376\377\0004\000.\0004\000\040\000A\000n\000a\000l\000y\000s\000i\000s}{chapter*.31}% 28
\BOOKMARK [0][-]{chapter*.50}{\376\377\000C\000o\000n\000c\000l\000u\000s\000i\000o\000n\000s}{}% 29
\BOOKMARK [0][-]{appendix.51}{\376\377\000A\000\040\000T\000r\000a\000i\000n\000i\000n\000g\000\040\000P\000V\000-\000D\000M\000\040\000a\000n\000d\000\040\000P\000V\000-\000D\000B\000O\000W}{}% 30
\BOOKMARK [0][-]{appendix.53}{\376\377\000B\000\040\000P\000r\000e\000l\000i\000m\000i\000n\000a\000r\000y\000\040\000e\000x\000p\000e\000r\000i\000m\000e\000n\000t\000s}{}% 31
\BOOKMARK [0][-]{appendix.58}{\376\377\000C\000\040\000E\000x\000p\000e\000r\000i\000m\000e\000n\000t\000s\000\040\000p\000o\000s\000t\000\040\000i\000n\000c\000l\000u\000s\000i\000o\000n\000\040\000o\000f\000\040\000A\000v\000e\000r\000a\000g\000e\000\040\000A\000n\000s\000w\000e\000r}{}% 32
\BOOKMARK [0][-]{appendix.62}{\376\377\000D\000\040\000F\000u\000r\000t\000h\000e\000r\000\040\000e\000x\000p\000e\000r\000i\000m\000e\000n\000t\000s\000\040\000w\000i\000t\000h\000\040\000s\000y\000n\000t\000a\000c\000t\000i\000c\000\040\000f\000e\000a\000t\000u\000r\000e\000s}{}% 33
\BOOKMARK [0][-]{dummy.66}{\376\377\000B\000i\000b\000l\000i\000o\000g\000r\000a\000p\000h\000y}{}% 34
